<?xml version="1.0" encoding="UTF-8"?>
<!-- Generated by org.testng.reporters.JUnitXMLReporter -->
<testsuite hostname="Dell-PC" ignored="0" name="Default test" tests="3" failures="0" timestamp="28 Apr 2019 09:25:59 GMT" time="225.19" errors="0">
  <testcase name="EbayRegPage" time="28.685" classname="com.datadriventest.DataProvider123"/>
  <testcase name="EbayRegPage" time="13.89" classname="com.datadriventest.DataProvider123"/>
  <testcase name="EbayRegPage" time="1.764" classname="com.datadriventest.DataProvider123"/>
</testsuite> <!-- Default test -->
